============================= test session starts ==============================
platform linux -- Python 3.13.13, pytest-9.0.3, pluggy-1.6.0 -- /tmp/arushh/cs336-a2-venv/bin/python
cachedir: .pytest_cache
rootdir: /u/arushh/Arush/Language_Modeling-stanford-cs336/assignment2-systems
configfile: pyproject.toml
plugins: jaxtyping-0.3.9, timeout-2.4.0
collecting ... collected 14 items / 8 deselected / 6 selected

tests/test_attention.py::test_flash_forward_pass_pytorch PASSED
tests/test_attention.py::test_flash_forward_pass_triton[False] PASSED
tests/test_attention.py::test_flash_forward_pass_triton[True] PASSED
tests/test_attention.py::test_flash_backward_pytorch PASSED
tests/test_attention.py::test_flash_backward_triton[False] PASSED
tests/test_attention.py::test_flash_backward_triton[True] PASSED

================= 6 passed, 8 deselected in 113.16s (0:01:53) ==================
